Linux 3.10.0-327.10.1.el7.x86_64 (storage14.cluster) 	02/23/2017 	_x86_64_	(28 CPU)

08:20:51 PM     IFACE   rxpck/s   txpck/s    rxkB/s    txkB/s   rxcmp/s   txcmp/s  rxmcst/s
08:21:51 PM       en4      0.00      0.00      0.00      0.00      0.00      0.00      0.00
08:21:51 PM       en0      0.50      0.00      0.03      0.00      0.00      0.00      0.50
08:21:51 PM       en3      0.00      0.00      0.00      0.00      0.00      0.00      0.00
08:21:51 PM       en1     24.17      4.47      2.45      0.58      0.00      0.00     20.15
08:21:51 PM       en2      0.00      0.00      0.00      0.00      0.00      0.00      0.00
08:21:51 PM        lo      0.00      0.00      0.00      0.00      0.00      0.00      0.00
08:21:51 PM       ib0     33.82     36.30      5.57      6.40      0.00      0.00      0.00
08:22:51 PM       en4      0.00      0.00      0.00      0.00      0.00      0.00      0.00
08:22:51 PM       en0      0.48      0.00      0.03      0.00      0.00      0.00      0.48
08:22:51 PM       en3      0.00      0.00      0.00      0.00      0.00      0.00      0.00
08:22:51 PM       en1     19.77      0.78      1.94      0.07      0.00      0.00     18.88
08:22:51 PM       en2      0.00      0.00      0.00      0.00      0.00      0.00      0.00
08:22:51 PM        lo      0.00      0.00      0.00      0.00      0.00      0.00      0.00
08:22:51 PM       ib0   1359.02   1766.65  57340.72  13334.93      0.00      0.00      0.00
08:23:51 PM       en4      0.00      0.00      0.00      0.00      0.00      0.00      0.00
08:23:51 PM       en0      0.50      0.00      0.03      0.00      0.00      0.00      0.50
08:23:51 PM       en3      0.00      0.00      0.00      0.00      0.00      0.00      0.00
08:23:51 PM       en1     39.08     22.03      6.84      3.40      0.00      0.00     19.65
08:23:51 PM       en2      0.00      0.00      0.00      0.00      0.00      0.00      0.00
08:23:51 PM        lo   3801.63   3801.63  73945.02  73945.02      0.00      0.00      0.00
08:23:51 PM       ib0  17743.10   7085.15 150442.08 102461.46      0.00      0.00      0.00
08:24:51 PM       en4      0.00      0.00      0.00      0.00      0.00      0.00      0.00
08:24:51 PM       en0      0.50      0.00      0.03      0.00      0.00      0.00      0.50
08:24:51 PM       en3      0.00      0.00      0.00      0.00      0.00      0.00      0.00
08:24:51 PM       en1     34.02     17.22      5.09      3.47      0.00      0.00     19.83
08:24:51 PM       en2      0.00      0.00      0.00      0.00      0.00      0.00      0.00
08:24:51 PM        lo   5076.42   5076.42 100846.01 100846.01      0.00      0.00      0.00
08:24:51 PM       ib0   8124.83   7151.02 100177.15 129816.05      0.00      0.00      0.00
08:25:51 PM       en4      0.00      0.00      0.00      0.00      0.00      0.00      0.00
08:25:51 PM       en0      0.50      0.00      0.03      0.00      0.00      0.00      0.50
08:25:51 PM       en3      0.00      0.00      0.00      0.00      0.00      0.00      0.00
08:25:51 PM       en1     40.98     26.18      6.03      5.89      0.00      0.00     21.35
08:25:51 PM       en2      0.00      0.00      0.00      0.00      0.00      0.00      0.00
08:25:51 PM        lo   9345.53   9345.53 183260.65 183260.65      0.00      0.00      0.00
08:25:51 PM       ib0  15717.22  17479.90 287763.66 292179.07      0.00      0.00      0.00
08:26:51 PM       en4      0.00      0.00      0.00      0.00      0.00      0.00      0.00
08:26:51 PM       en0      0.50      0.00      0.03      0.00      0.00      0.00      0.50
08:26:51 PM       en3      0.00      0.00      0.00      0.00      0.00      0.00      0.00
08:26:51 PM       en1     30.82     14.50      4.72      2.43      0.00      0.00     18.75
08:26:51 PM       en2      0.00      0.00      0.00      0.00      0.00      0.00      0.00
08:26:51 PM        lo   3636.93   3636.93  61898.43  61898.43      0.00      0.00      0.00
08:26:51 PM       ib0   7663.65   8369.57  75344.05  75374.70      0.00      0.00      0.00
08:27:51 PM       en4      0.00      0.00      0.00      0.00      0.00      0.00      0.00
08:27:51 PM       en0      0.48      0.00      0.03      0.00      0.00      0.00      0.48
08:27:51 PM       en3      0.00      0.00      0.00      0.00      0.00      0.00      0.00
08:27:51 PM       en1     49.17     34.18      8.36      7.61      0.00      0.00     21.97
08:27:51 PM       en2      0.00      0.00      0.00      0.00      0.00      0.00      0.00
08:27:51 PM        lo  11627.67  11627.67 236348.88 236348.88      0.00      0.00      0.00
08:27:51 PM       ib0  23900.83  23776.38 506491.27 517642.42      0.00      0.00      0.00
08:28:51 PM       en4      0.00      0.00      0.00      0.00      0.00      0.00      0.00
08:28:51 PM       en0      0.50      0.00      0.03      0.00      0.00      0.00      0.50
08:28:51 PM       en3      0.00      0.00      0.00      0.00      0.00      0.00      0.00
08:28:51 PM       en1     30.12      9.35      4.37      1.59      0.00      0.00     20.98
08:28:51 PM       en2      0.00      0.00      0.00      0.00      0.00      0.00      0.00
08:28:51 PM        lo   1414.22   1414.22  28741.52  28741.52      0.00      0.00      0.00
08:28:51 PM       ib0   2024.68   1818.18  26885.12  46509.51      0.00      0.00      0.00
08:29:51 PM       en4      0.00      0.00      0.00      0.00      0.00      0.00      0.00
08:29:51 PM       en0      0.50      0.00      0.03      0.00      0.00      0.00      0.50
08:29:51 PM       en3      0.00      0.00      0.00      0.00      0.00      0.00      0.00
08:29:51 PM       en1     44.83     29.47      6.97      5.23      0.00      0.00     20.92
08:29:51 PM       en2      0.00      0.00      0.00      0.00      0.00      0.00      0.00
08:29:51 PM        lo   8887.88   8887.88 165712.30 165712.30      0.00      0.00      0.00
08:29:51 PM       ib0  21279.15  24099.55 210531.10 305410.60      0.00      0.00      0.00
08:30:51 PM       en4      0.00      0.00      0.00      0.00      0.00      0.00      0.00
08:30:51 PM       en0      0.50      0.00      0.03      0.00      0.00      0.00      0.50
08:30:51 PM       en3      0.00      0.00      0.00      0.00      0.00      0.00      0.00
08:30:51 PM       en1     36.30     18.12      6.25      2.58      0.00      0.00     19.48
08:30:51 PM       en2      0.00      0.00      0.00      0.00      0.00      0.00      0.00
08:30:51 PM        lo   2260.92   2260.92  39771.03  39771.03      0.00      0.00      0.00
08:30:51 PM       ib0   5286.97   3391.12  41268.01  15636.31      0.00      0.00      0.00
08:31:51 PM       en4      0.00      0.00      0.00      0.00      0.00      0.00      0.00
08:31:51 PM       en0      0.50      0.00      0.03      0.00      0.00      0.00      0.50
08:31:51 PM       en3      0.00      0.00      0.00      0.00      0.00      0.00      0.00
08:31:51 PM       en1     28.22     10.85      3.04      2.86      0.00      0.00     21.08
08:31:51 PM       en2      0.00      0.00      0.00      0.00      0.00      0.00      0.00
08:31:51 PM        lo   6705.28   6705.28 136945.70 136945.70      0.00      0.00      0.00
08:31:51 PM       ib0   8406.43   7405.18 140592.40 205347.53      0.00      0.00      0.00
08:32:51 PM       en4      0.00      0.00      0.00      0.00      0.00      0.00      0.00
08:32:51 PM       en0      0.48      0.00      0.03      0.00      0.00      0.00      0.48
08:32:51 PM       en3      0.00      0.00      0.00      0.00      0.00      0.00      0.00
08:32:51 PM       en1     38.35     23.10      5.84      5.07      0.00      0.00     18.48
08:32:51 PM       en2      0.00      0.00      0.00      0.00      0.00      0.00      0.00
08:32:51 PM        lo   6734.32   6734.32 136979.52 136979.52      0.00      0.00      0.00
08:32:51 PM       ib0  12822.30  16020.57 232376.12 314281.24      0.00      0.00      0.00
08:33:51 PM       en4      0.00      0.00      0.00      0.00      0.00      0.00      0.00
08:33:51 PM       en0      0.50      0.00      0.03      0.00      0.00      0.00      0.50
08:33:51 PM       en3      0.00      0.00      0.00      0.00      0.00      0.00      0.00
08:33:51 PM       en1     35.08     14.67      5.10      2.41      0.00      0.00     22.58
08:33:51 PM       en2      0.00      0.00      0.00      0.00      0.00      0.00      0.00
08:33:51 PM        lo   2056.97   2056.97  35387.74  35387.74      0.00      0.00      0.00
08:33:51 PM       ib0   9956.27   8531.45 101886.59  77617.59      0.00      0.00      0.00
08:34:51 PM       en4      0.00      0.00      0.00      0.00      0.00      0.00      0.00
08:34:51 PM       en0      0.50      0.00      0.03      0.00      0.00      0.00      0.50
08:34:51 PM       en3      0.00      0.00      0.00      0.00      0.00      0.00      0.00
08:34:51 PM       en1     46.58     32.03      7.81      7.13      0.00      0.00     21.00
08:34:51 PM       en2      0.00      0.00      0.00      0.00      0.00      0.00      0.00
08:34:51 PM        lo  11578.75  11578.75 234867.08 234867.08      0.00      0.00      0.00
08:34:51 PM       ib0  20503.68  20443.70 430469.98 442626.98      0.00      0.00      0.00
08:35:51 PM       en4      0.00      0.00      0.00      0.00      0.00      0.00      0.00
08:35:51 PM       en0      0.50      0.00      0.03      0.00      0.00      0.00      0.50
08:35:51 PM       en3      0.00      0.00      0.00      0.00      0.00      0.00      0.00
08:35:51 PM       en1     30.42     11.80      4.60      1.74      0.00      0.00     19.62
08:35:51 PM       en2      0.00      0.00      0.00      0.00      0.00      0.00      0.00
08:35:51 PM        lo    405.78    405.78   8106.85   8106.85      0.00      0.00      0.00
08:35:51 PM       ib0   1728.92   2072.53  47170.31  22310.12      0.00      0.00      0.00
08:36:51 PM       en4      0.00      0.00      0.00      0.00      0.00      0.00      0.00
08:36:51 PM       en0      0.50      0.00      0.03      0.00      0.00      0.00      0.50
08:36:51 PM       en3      0.00      0.00      0.00      0.00      0.00      0.00      0.00
08:36:51 PM       en1     37.45     20.57      5.47      3.72      0.00      0.00     20.73
08:36:51 PM       en2      0.00      0.00      0.00      0.00      0.00      0.00      0.00
08:36:51 PM        lo   3661.43   3661.43  66328.58  66328.58      0.00      0.00      0.00
08:36:51 PM       ib0  22261.02  21571.65 280895.76 208345.45      0.00      0.00      0.00
08:37:51 PM       en4      0.00      0.00      0.00      0.00      0.00      0.00      0.00
08:37:51 PM       en0      0.48      0.00      0.03      0.00      0.00      0.00      0.48
08:37:51 PM       en3      0.00      0.00      0.00      0.00      0.00      0.00      0.00
08:37:51 PM       en1     56.70     34.88      6.70      9.92      0.00      0.00     20.78
08:37:51 PM       en2      0.00      0.00      0.00      0.00      0.00      0.00      0.00
08:37:51 PM        lo      1.65      1.65      5.42      5.42      0.00      0.00      0.00
08:37:51 PM       ib0    463.25   1508.40   1128.58  16612.84      0.00      0.00      0.00
08:38:51 PM       en4      0.00      0.00      0.00      0.00      0.00      0.00      0.00
08:38:51 PM       en0      0.50      0.00      0.03      0.00      0.00      0.00      0.50
08:38:51 PM       en3      0.00      0.00      0.00      0.00      0.00      0.00      0.00
08:38:51 PM       en1     53.13     19.42     11.87      3.59      0.00      0.00     20.20
08:38:51 PM       en2      0.00      0.00      0.00      0.00      0.00      0.00      0.00
08:38:51 PM        lo     12.95     12.95     30.00     30.00      0.00      0.00      0.00
08:38:51 PM       ib0   4635.35   5492.97 142412.76  78692.62      0.00      0.00      0.00
08:39:51 PM       en4      0.00      0.00      0.00      0.00      0.00      0.00      0.00
08:39:51 PM       en0      0.50      0.00      0.03      0.00      0.00      0.00      0.50
08:39:51 PM       en3      0.00      0.00      0.00      0.00      0.00      0.00      0.00
08:39:51 PM       en1     37.28     21.20      5.58      4.83      0.00      0.00     21.23
08:39:51 PM       en2      0.00      0.00      0.00      0.00      0.00      0.00      0.00
08:39:51 PM        lo   6729.28   6729.28 136958.42 136958.42      0.00      0.00      0.00
08:39:51 PM       ib0  12826.97  13887.98 252372.56 289689.59      0.00      0.00      0.00
08:40:51 PM       en4      0.00      0.00      0.00      0.00      0.00      0.00      0.00
08:40:51 PM       en0      0.50      0.00      0.03      0.00      0.00      0.00      0.50
08:40:51 PM       en3      0.00      0.00      0.00      0.00      0.00      0.00      0.00
08:40:51 PM       en1     38.95     20.78      6.21      3.04      0.00      0.00     20.52
08:40:51 PM       en2      0.00      0.00      0.00      0.00      0.00      0.00      0.00
08:40:51 PM        lo   3032.98   3032.98  53033.34  53033.34      0.00      0.00      0.00
08:40:51 PM       ib0   8488.10   7960.38  84190.66  75370.96      0.00      0.00      0.00
08:41:51 PM       en4      0.00      0.00      0.00      0.00      0.00      0.00      0.00
08:41:51 PM       en0      0.48      0.00      0.03      0.00      0.00      0.00      0.48
08:41:51 PM       en3      0.00      0.00      0.00      0.00      0.00      0.00      0.00
08:41:51 PM       en1     39.17     24.60      6.15      5.76      0.00      0.00     20.67
08:41:51 PM       en2      0.00      0.00      0.00      0.00      0.00      0.00      0.00
08:41:51 PM        lo   7515.52   7515.52 152414.52 152414.52      0.00      0.00      0.00
08:41:51 PM       ib0  19839.48  21773.78 509758.39 387536.37      0.00      0.00      0.00
08:42:51 PM       en4      0.00      0.00      0.00      0.00      0.00      0.00      0.00
08:42:51 PM       en0      0.50      0.00      0.03      0.00      0.00      0.00      0.50
08:42:51 PM       en3      0.00      0.00      0.00      0.00      0.00      0.00      0.00
08:42:51 PM       en1     92.20     69.38     11.46     19.85      0.00      0.00     19.83
08:42:51 PM       en2      0.00      0.00      0.00      0.00      0.00      0.00      0.00
08:42:51 PM        lo    771.50    771.50  15494.08  15494.08      0.00      0.00      0.00
08:42:51 PM       ib0   3127.53   3458.22  76772.91  55000.89      0.00      0.00      0.00
08:43:51 PM       en4      0.00      0.00      0.00      0.00      0.00      0.00      0.00
08:43:51 PM       en0      0.50      0.00      0.03      0.00      0.00      0.00      0.50
08:43:51 PM       en3      0.00      0.00      0.00      0.00      0.00      0.00      0.00
08:43:51 PM       en1    144.22     96.58     26.04     22.87      0.00      0.00     22.25
08:43:51 PM       en2      0.00      0.00      0.00      0.00      0.00      0.00      0.00
08:43:51 PM        lo   4551.48   4551.48  79679.85  79679.85      0.00      0.00      0.00
08:43:51 PM       ib0  19858.68  17883.60 172836.11 161915.24      0.00      0.00      0.00
08:44:51 PM       en4      0.00      0.00      0.00      0.00      0.00      0.00      0.00
08:44:51 PM       en0      0.50      0.00      0.03      0.00      0.00      0.00      0.50
08:44:51 PM       en3      0.00      0.00      0.00      0.00      0.00      0.00      0.00
08:44:51 PM       en1     17.38      0.75      1.71      0.07      0.00      0.00     16.68
08:44:51 PM       en2      0.00      0.00      0.00      0.00      0.00      0.00      0.00
08:44:51 PM        lo      0.00      0.00      0.00      0.00      0.00      0.00      0.00
08:44:51 PM       ib0      3.37      3.75      0.50      0.68      0.00      0.00      0.00
08:45:51 PM       en4      0.00      0.00      0.00      0.00      0.00      0.00      0.00
08:45:51 PM       en0      0.48      0.00      0.03      0.00      0.00      0.00      0.48
08:45:51 PM       en3      0.00      0.00      0.00      0.00      0.00      0.00      0.00
08:45:51 PM       en1     18.58      0.67      1.80      0.06      0.00      0.00     17.57
08:45:51 PM       en2      0.00      0.00      0.00      0.00      0.00      0.00      0.00
08:45:51 PM        lo      0.00      0.00      0.00      0.00      0.00      0.00      0.00
08:45:51 PM       ib0      0.50      0.83      0.05      0.19      0.00      0.00      0.00
08:46:51 PM       en4      0.00      0.00      0.00      0.00      0.00      0.00      0.00
08:46:51 PM       en0      0.50      0.00      0.03      0.00      0.00      0.00      0.50
08:46:51 PM       en3      0.00      0.00      0.00      0.00      0.00      0.00      0.00
08:46:51 PM       en1     17.42      0.53      1.70      0.05      0.00      0.00     16.87
08:46:51 PM       en2      0.00      0.00      0.00      0.00      0.00      0.00      0.00
08:46:51 PM        lo      0.00      0.00      0.00      0.00      0.00      0.00      0.00
08:46:51 PM       ib0      0.63      0.88      0.04      0.15      0.00      0.00      0.00
08:47:51 PM       en4      0.00      0.00      0.00      0.00      0.00      0.00      0.00
08:47:51 PM       en0      0.50      0.00      0.03      0.00      0.00      0.00      0.50
08:47:51 PM       en3      0.00      0.00      0.00      0.00      0.00      0.00      0.00
08:47:51 PM       en1     16.68      0.72      1.66      0.07      0.00      0.00     15.58
08:47:51 PM       en2      0.00      0.00      0.00      0.00      0.00      0.00      0.00
08:47:51 PM        lo      0.00      0.00      0.00      0.00      0.00      0.00      0.00
08:47:51 PM       ib0      2.90      2.98      0.43      0.47      0.00      0.00      0.00
08:48:51 PM       en4      0.00      0.00      0.00      0.00      0.00      0.00      0.00
08:48:51 PM       en0      0.50      0.00      0.03      0.00      0.00      0.00      0.50
08:48:51 PM       en3      0.00      0.00      0.00      0.00      0.00      0.00      0.00
08:48:51 PM       en1     18.70      0.50      1.82      0.05      0.00      0.00     18.03
08:48:51 PM       en2      0.00      0.00      0.00      0.00      0.00      0.00      0.00
08:48:51 PM        lo      0.00      0.00      0.00      0.00      0.00      0.00      0.00
08:48:51 PM       ib0      0.18      0.18      0.02      0.02      0.00      0.00      0.00
Average:          en4      0.00      0.00      0.00      0.00      0.00      0.00      0.00
Average:          en0      0.50      0.00      0.03      0.00      0.00      0.00      0.50
Average:          en3      0.00      0.00      0.00      0.00      0.00      0.00      0.00
Average:          en1     39.85     20.69      5.98      4.50      0.00      0.00     19.85
Average:          en2      0.00      0.00      0.00      0.00      0.00      0.00      0.00
Average:           lo   3564.61   3564.61  69526.96  69526.96      0.00      0.00      0.00
Average:          ib0   8859.24   8678.32 140325.46 136918.59      0.00      0.00      0.00
